  addsub.cpp
  admin.cpp
  adminmanagemetroaddstation.cpp
  adminmanagemetrootions.cpp
  adminmanagemetroremovestation.cpp
  adminstations.cpp
  historypage.cpp
  loginpage.cpp
  main.cpp
  mainpage.cpp
  removesub.cpp
  renewsub.cpp
  searchpage.cpp
  signuppage.cpp
  stat1month.cpp
  stat3months.cpp
  stat6months.cpp
  submanage.cpp
  subscription.cpp
  ticket.cpp
  ticketpage.cpp
  userdata.cpp
  verfication.cpp
  qrc_res.cpp
  moc_historypage.cpp
  moc_loginpage.cpp
  moc_mainpage.cpp
  moc_renewsub.cpp
  moc_searchpage.cpp
  moc_signuppage.cpp
  moc_stat1month.cpp
  moc_stat3months.cpp
  moc_stat6months.cpp
  moc_submanage.cpp
  moc_subscription.cpp
  moc_ticket.cpp
  moc_ticketpage.cpp
  moc_userdata.cpp
  moc_verfication.cpp
LINK : fatal error LNK1168: cannot open debug\\proj_trial_3.exe for writing
