c:\users\96657\desktop\metromate\metro-mate-ds\debug\vc143.pdb
c:\users\96657\desktop\metromate\metro-mate-ds\debug\qrc_res.obj
c:\users\96657\desktop\metromate\metro-mate-ds\debug\historypage.obj
c:\users\96657\desktop\metromate\metro-mate-ds\debug\subscription.obj
c:\users\96657\desktop\metromate\metro-mate-ds\debug\adminmanagemetrootions.obj
c:\users\96657\desktop\metromate\metro-mate-ds\debug\adminstations.obj
c:\users\96657\desktop\metromate\metro-mate-ds\debug\renewsub.obj
c:\users\96657\desktop\metromate\metro-mate-ds\debug\stat3months.obj
c:\users\96657\desktop\metromate\metro-mate-ds\debug\admin.obj
c:\users\96657\desktop\metromate\metro-mate-ds\debug\stat6months.obj
c:\users\96657\desktop\metromate\metro-mate-ds\debug\signuppage.obj
c:\users\96657\desktop\metromate\metro-mate-ds\debug\verfication.obj
c:\users\96657\desktop\metromate\metro-mate-ds\debug\mainpage.obj
c:\users\96657\desktop\metromate\metro-mate-ds\debug\adminmanagemetroaddstation.obj
c:\users\96657\desktop\metromate\metro-mate-ds\debug\ticket.obj
c:\users\96657\desktop\metromate\metro-mate-ds\debug\searchpage.obj
c:\users\96657\desktop\metromate\metro-mate-ds\debug\loginpage.obj
c:\users\96657\desktop\metromate\metro-mate-ds\debug\ticketpage.obj
c:\users\96657\desktop\metromate\metro-mate-ds\debug\adminhomebage.obj
c:\users\96657\desktop\metromate\metro-mate-ds\debug\stat1month.obj
c:\users\96657\desktop\metromate\metro-mate-ds\debug\main.obj
c:\users\96657\desktop\metromate\metro-mate-ds\debug\removesub.obj
c:\users\96657\desktop\metromate\metro-mate-ds\debug\adminmanagemetroremovestation.obj
c:\users\96657\desktop\metromate\metro-mate-ds\debug\userdata.obj
c:\users\96657\desktop\metromate\metro-mate-ds\debug\addsub.obj
c:\users\96657\desktop\metromate\metro-mate-ds\debug\submanage.obj
c:\users\96657\desktop\metromate\metro-mate-ds\debug\moc_adminstations.obj
c:\users\96657\desktop\metromate\metro-mate-ds\debug\moc_ticketpage.obj
c:\users\96657\desktop\metromate\metro-mate-ds\debug\moc_addsub.obj
c:\users\96657\desktop\metromate\metro-mate-ds\debug\moc_subscription.obj
c:\users\96657\desktop\metromate\metro-mate-ds\debug\moc_mainpage.obj
c:\users\96657\desktop\metromate\metro-mate-ds\debug\moc_stat1month.obj
c:\users\96657\desktop\metromate\metro-mate-ds\debug\moc_stat6months.obj
c:\users\96657\desktop\metromate\metro-mate-ds\debug\moc_renewsub.obj
c:\users\96657\desktop\metromate\metro-mate-ds\debug\moc_signuppage.obj
c:\users\96657\desktop\metromate\metro-mate-ds\debug\moc_adminmanagemetroaddstation.obj
c:\users\96657\desktop\metromate\metro-mate-ds\debug\moc_verfication.obj
c:\users\96657\desktop\metromate\metro-mate-ds\debug\moc_searchpage.obj
c:\users\96657\desktop\metromate\metro-mate-ds\debug\moc_removesub.obj
c:\users\96657\desktop\metromate\metro-mate-ds\debug\moc_loginpage.obj
c:\users\96657\desktop\metromate\metro-mate-ds\debug\moc_userdata.obj
c:\users\96657\desktop\metromate\metro-mate-ds\debug\moc_admin.obj
c:\users\96657\desktop\metromate\metro-mate-ds\debug\moc_ticket.obj
c:\users\96657\desktop\metromate\metro-mate-ds\debug\moc_submanage.obj
c:\users\96657\desktop\metromate\metro-mate-ds\debug\moc_stat3months.obj
c:\users\96657\desktop\metromate\metro-mate-ds\debug\moc_adminmanagemetroremovestation.obj
c:\users\96657\desktop\metromate\metro-mate-ds\debug\moc_historypage.obj
c:\users\96657\desktop\metromate\metro-mate-ds\debug\moc_adminmanagemetrootions.obj
c:\users\96657\desktop\metromate\metro-mate-ds\debug\moc_predefs.h
c:\users\96657\desktop\metromate\metro-mate-ds\debug\moc_ticket.cpp
c:\users\96657\desktop\metromate\metro-mate-ds\debug\moc_removesub.cpp
c:\users\96657\desktop\metromate\metro-mate-ds\debug\moc_addsub.cpp
c:\users\96657\desktop\metromate\metro-mate-ds\debug\moc_admin.cpp
c:\users\96657\desktop\metromate\metro-mate-ds\debug\moc_adminmanagemetroaddstation.cpp
c:\users\96657\desktop\metromate\metro-mate-ds\debug\moc_adminmanagemetrootions.cpp
c:\users\96657\desktop\metromate\metro-mate-ds\debug\moc_adminmanagemetroremovestation.cpp
c:\users\96657\desktop\metromate\metro-mate-ds\debug\moc_adminstations.cpp
c:\users\96657\desktop\metromate\metro-mate-ds\debug\moc_historypage.cpp
c:\users\96657\desktop\metromate\metro-mate-ds\debug\moc_loginpage.cpp
c:\users\96657\desktop\metromate\metro-mate-ds\debug\moc_mainpage.cpp
c:\users\96657\desktop\metromate\metro-mate-ds\debug\moc_renewsub.cpp
c:\users\96657\desktop\metromate\metro-mate-ds\debug\moc_searchpage.cpp
c:\users\96657\desktop\metromate\metro-mate-ds\debug\moc_signuppage.cpp
c:\users\96657\desktop\metromate\metro-mate-ds\debug\moc_stat1month.cpp
c:\users\96657\desktop\metromate\metro-mate-ds\debug\moc_stat3months.cpp
c:\users\96657\desktop\metromate\metro-mate-ds\debug\moc_stat6months.cpp
c:\users\96657\desktop\metromate\metro-mate-ds\debug\moc_submanage.cpp
c:\users\96657\desktop\metromate\metro-mate-ds\debug\moc_subscription.cpp
c:\users\96657\desktop\metromate\metro-mate-ds\debug\moc_ticketpage.cpp
c:\users\96657\desktop\metromate\metro-mate-ds\debug\moc_userdata.cpp
c:\users\96657\desktop\metromate\metro-mate-ds\debug\moc_verfication.cpp
c:\users\96657\desktop\metromate\metro-mate-ds\ui_addsub.h
c:\users\96657\desktop\metromate\metro-mate-ds\ui_admin.h
c:\users\96657\desktop\metromate\metro-mate-ds\ui_adminhomebage.h
c:\users\96657\desktop\metromate\metro-mate-ds\ui_adminmanagemetroaddstation.h
c:\users\96657\desktop\metromate\metro-mate-ds\ui_adminmanagemetrootions.h
c:\users\96657\desktop\metromate\metro-mate-ds\ui_adminmanagemetroremovestation.h
c:\users\96657\desktop\metromate\metro-mate-ds\ui_adminstations.h
c:\users\96657\desktop\metromate\metro-mate-ds\ui_historypage.h
c:\users\96657\desktop\metromate\metro-mate-ds\ui_loginpage.h
c:\users\96657\desktop\metromate\metro-mate-ds\ui_mainpage.h
c:\users\96657\desktop\metromate\metro-mate-ds\ui_removesub.h
c:\users\96657\desktop\metromate\metro-mate-ds\ui_renewsub.h
c:\users\96657\desktop\metromate\metro-mate-ds\ui_searchpage.h
c:\users\96657\desktop\metromate\metro-mate-ds\ui_signuppage.h
c:\users\96657\desktop\metromate\metro-mate-ds\ui_stat1month.h
c:\users\96657\desktop\metromate\metro-mate-ds\ui_stat3months.h
c:\users\96657\desktop\metromate\metro-mate-ds\ui_stat6months.h
c:\users\96657\desktop\metromate\metro-mate-ds\ui_submanage.h
c:\users\96657\desktop\metromate\metro-mate-ds\ui_subscription.h
c:\users\96657\desktop\metromate\metro-mate-ds\ui_ticket.h
c:\users\96657\desktop\metromate\metro-mate-ds\ui_ticketpage.h
c:\users\96657\desktop\metromate\metro-mate-ds\ui_userdata.h
c:\users\96657\desktop\metromate\metro-mate-ds\ui_verfication.h
c:\users\96657\desktop\metromate\metro-mate-ds\debug\qrc_res.cpp
c:\users\96657\desktop\metromate\metro-mate-ds\debug\proj_trial_3.exe
c:\users\96657\desktop\metromate\metro-mate-ds\debug\proj_trial_3.tlog\cl.command.1.tlog
c:\users\96657\desktop\metromate\metro-mate-ds\debug\proj_trial_3.tlog\cl.read.1.tlog
c:\users\96657\desktop\metromate\metro-mate-ds\debug\proj_trial_3.tlog\cl.write.1.tlog
c:\users\96657\desktop\metromate\metro-mate-ds\debug\proj_trial_3.tlog\custombuild.command.1.tlog
c:\users\96657\desktop\metromate\metro-mate-ds\debug\proj_trial_3.tlog\custombuild.read.1.tlog
c:\users\96657\desktop\metromate\metro-mate-ds\debug\proj_trial_3.tlog\custombuild.write.1.tlog
c:\users\96657\desktop\metromate\metro-mate-ds\debug\proj_trial_3.tlog\link.command.1.tlog
c:\users\96657\desktop\metromate\metro-mate-ds\debug\proj_trial_3.tlog\link.read.1.tlog
c:\users\96657\desktop\metromate\metro-mate-ds\debug\proj_trial_3.tlog\link.write.1.tlog
c:\users\96657\desktop\metromate\metro-mate-ds\debug\proj_trial_3.tlog\moc.read.1u.tlog
c:\users\96657\desktop\metromate\metro-mate-ds\debug\proj_trial_3.tlog\moc.write.1u.tlog
c:\users\96657\desktop\metromate\metro-mate-ds\debug\proj_trial_3.tlog\proj_trial_3.write.1u.tlog
c:\users\96657\desktop\metromate\metro-mate-ds\debug\proj_trial_3.tlog\rcc.read.1u.tlog
c:\users\96657\desktop\metromate\metro-mate-ds\debug\proj_trial_3.tlog\rcc.write.1u.tlog
c:\users\96657\desktop\metromate\metro-mate-ds\debug\proj_trial_3.tlog\uic.read.1u.tlog
c:\users\96657\desktop\metromate\metro-mate-ds\debug\proj_trial_3.tlog\uic.write.1u.tlog
