c:\users\dell\desktop\metro\debug\adminhomebage.obj
c:\users\dell\desktop\metro\debug\adminmanagemetrootions.obj
c:\users\dell\desktop\metro\debug\adminmanagemetroremovestation.obj
c:\users\dell\desktop\metro\debug\historypage.obj
c:\users\dell\desktop\metro\debug\main.obj
c:\users\dell\desktop\metro\debug\renewsub.obj
c:\users\dell\desktop\metro\debug\signuppage.obj
c:\users\dell\desktop\metro\debug\stat3months.obj
c:\users\dell\desktop\metro\debug\submanage.obj
c:\users\dell\desktop\metro\debug\ticketpage.obj
c:\users\dell\desktop\metro\debug\verfication.obj
c:\users\dell\desktop\metro\debug\adminmanagemetroaddstation.obj
c:\users\dell\desktop\metro\debug\adminstations.obj
c:\users\dell\desktop\metro\debug\loginpage.obj
c:\users\dell\desktop\metro\debug\mainpage.obj
c:\users\dell\desktop\metro\debug\searchpage.obj
c:\users\dell\desktop\metro\debug\stat1month.obj
c:\users\dell\desktop\metro\debug\stat6months.obj
c:\users\dell\desktop\metro\debug\subscription.obj
c:\users\dell\desktop\metro\debug\userdata.obj
c:\users\dell\desktop\metro\debug\moc_adminmanagemetrootions.obj
c:\users\dell\desktop\metro\debug\moc_adminstations.obj
c:\users\dell\desktop\metro\debug\moc_loginpage.obj
c:\users\dell\desktop\metro\debug\moc_renewsub.obj
c:\users\dell\desktop\metro\debug\moc_signuppage.obj
c:\users\dell\desktop\metro\debug\moc_stat3months.obj
c:\users\dell\desktop\metro\debug\moc_stat6months.obj
c:\users\dell\desktop\metro\debug\moc_subscription.obj
c:\users\dell\desktop\metro\debug\moc_userdata.obj
c:\users\dell\desktop\metro\debug\moc_adminmanagemetroaddstation.obj
c:\users\dell\desktop\metro\debug\moc_adminmanagemetroremovestation.obj
c:\users\dell\desktop\metro\debug\moc_historypage.obj
c:\users\dell\desktop\metro\debug\moc_mainpage.obj
c:\users\dell\desktop\metro\debug\moc_searchpage.obj
c:\users\dell\desktop\metro\debug\moc_stat1month.obj
c:\users\dell\desktop\metro\debug\moc_submanage.obj
c:\users\dell\desktop\metro\debug\moc_ticketpage.obj
c:\users\dell\desktop\metro\debug\moc_verfication.obj
c:\users\dell\desktop\metro\debug\vc143.pdb
c:\users\dell\desktop\metro\debug\types_sub.obj
c:\users\dell\desktop\metro\debug\qrc_res.obj
c:\users\dell\desktop\metro\debug\moc_types_sub.obj
c:\users\dell\desktop\metro\debug\moc_predefs.h
c:\users\dell\desktop\metro\debug\proj_trial_3.exe
c:\users\dell\desktop\metro\debug\proj_trial_3.ilk
c:\users\dell\desktop\metro\debug\proj_trial_3.pdb
c:\users\dell\desktop\metro\debug\moc_signuppage.cpp
c:\users\hager elsherif\source\repos\new\proj_trial_3\ui_adminhomebage.h
c:\users\hager elsherif\source\repos\new\proj_trial_3\ui_adminmanagemetroaddstation.h
c:\users\hager elsherif\source\repos\new\proj_trial_3\ui_adminmanagemetrootions.h
c:\users\hager elsherif\source\repos\new\proj_trial_3\ui_adminmanagemetroremovestation.h
c:\users\hager elsherif\source\repos\new\proj_trial_3\ui_adminstations.h
c:\users\hager elsherif\source\repos\new\proj_trial_3\ui_historypage.h
c:\users\hager elsherif\source\repos\new\proj_trial_3\ui_loginpage.h
c:\users\hager elsherif\source\repos\new\proj_trial_3\ui_mainpage.h
c:\users\hager elsherif\source\repos\new\proj_trial_3\ui_renewsub.h
c:\users\hager elsherif\source\repos\new\proj_trial_3\ui_searchpage.h
c:\users\hager elsherif\source\repos\new\proj_trial_3\ui_signuppage.h
c:\users\hager elsherif\source\repos\new\proj_trial_3\ui_stat1month.h
c:\users\hager elsherif\source\repos\new\proj_trial_3\ui_stat3months.h
c:\users\hager elsherif\source\repos\new\proj_trial_3\ui_stat6months.h
c:\users\hager elsherif\source\repos\new\proj_trial_3\ui_submanage.h
c:\users\hager elsherif\source\repos\new\proj_trial_3\ui_subscription.h
c:\users\hager elsherif\source\repos\new\proj_trial_3\ui_ticketpage.h
c:\users\hager elsherif\source\repos\new\proj_trial_3\ui_userdata.h
c:\users\hager elsherif\source\repos\new\proj_trial_3\ui_verfication.h
c:\users\hager elsherif\source\repos\new\proj_trial_3\debug\qrc_res.cpp
c:\users\hager elsherif\source\repos\new\proj_trial_3\debug\moc_adminmanagemetroaddstation.cpp
c:\users\hager elsherif\source\repos\new\proj_trial_3\debug\moc_adminmanagemetrootions.cpp
c:\users\hager elsherif\source\repos\new\proj_trial_3\debug\moc_adminmanagemetroremovestation.cpp
c:\users\hager elsherif\source\repos\new\proj_trial_3\debug\moc_adminstations.cpp
c:\users\hager elsherif\source\repos\new\proj_trial_3\debug\moc_historypage.cpp
c:\users\hager elsherif\source\repos\new\proj_trial_3\debug\moc_loginpage.cpp
c:\users\hager elsherif\source\repos\new\proj_trial_3\debug\moc_mainpage.cpp
c:\users\hager elsherif\source\repos\new\proj_trial_3\debug\moc_renewsub.cpp
c:\users\hager elsherif\source\repos\new\proj_trial_3\debug\moc_searchpage.cpp
c:\users\hager elsherif\source\repos\new\proj_trial_3\debug\moc_signuppage.cpp
c:\users\hager elsherif\source\repos\new\proj_trial_3\debug\moc_stat1month.cpp
c:\users\hager elsherif\source\repos\new\proj_trial_3\debug\moc_stat3months.cpp
c:\users\hager elsherif\source\repos\new\proj_trial_3\debug\moc_stat6months.cpp
c:\users\hager elsherif\source\repos\new\proj_trial_3\debug\moc_submanage.cpp
c:\users\hager elsherif\source\repos\new\proj_trial_3\debug\moc_subscription.cpp
c:\users\hager elsherif\source\repos\new\proj_trial_3\debug\moc_ticketpage.cpp
c:\users\hager elsherif\source\repos\new\proj_trial_3\debug\moc_userdata.cpp
c:\users\hager elsherif\source\repos\new\proj_trial_3\debug\moc_verfication.cpp
c:\users\hager elsherif\source\repos\newvs\ui_adminhomebage.h
c:\users\hager elsherif\source\repos\newvs\ui_adminmanagemetroaddstation.h
c:\users\hager elsherif\source\repos\newvs\ui_adminmanagemetrootions.h
c:\users\hager elsherif\source\repos\newvs\ui_adminmanagemetroremovestation.h
c:\users\hager elsherif\source\repos\newvs\ui_adminstations.h
c:\users\hager elsherif\source\repos\newvs\ui_historypage.h
c:\users\hager elsherif\source\repos\newvs\ui_loginpage.h
c:\users\hager elsherif\source\repos\newvs\ui_mainpage.h
c:\users\hager elsherif\source\repos\newvs\ui_renewsub.h
c:\users\hager elsherif\source\repos\newvs\ui_searchpage.h
c:\users\hager elsherif\source\repos\newvs\ui_signuppage.h
c:\users\hager elsherif\source\repos\newvs\ui_stat1month.h
c:\users\hager elsherif\source\repos\newvs\ui_stat3months.h
c:\users\hager elsherif\source\repos\newvs\ui_stat6months.h
c:\users\hager elsherif\source\repos\newvs\ui_submanage.h
c:\users\hager elsherif\source\repos\newvs\ui_subscription.h
c:\users\hager elsherif\source\repos\newvs\ui_ticketpage.h
c:\users\hager elsherif\source\repos\newvs\ui_userdata.h
c:\users\hager elsherif\source\repos\newvs\ui_verfication.h
c:\users\hager elsherif\source\repos\newvs\debug\qrc_res.cpp
c:\users\hager elsherif\source\repos\newvs\debug\moc_adminmanagemetroaddstation.cpp
c:\users\hager elsherif\source\repos\newvs\debug\moc_adminmanagemetrootions.cpp
c:\users\hager elsherif\source\repos\newvs\debug\moc_adminmanagemetroremovestation.cpp
c:\users\hager elsherif\source\repos\newvs\debug\moc_adminstations.cpp
c:\users\hager elsherif\source\repos\newvs\debug\moc_historypage.cpp
c:\users\hager elsherif\source\repos\newvs\debug\moc_loginpage.cpp
c:\users\hager elsherif\source\repos\newvs\debug\moc_mainpage.cpp
c:\users\hager elsherif\source\repos\newvs\debug\moc_renewsub.cpp
c:\users\hager elsherif\source\repos\newvs\debug\moc_searchpage.cpp
c:\users\hager elsherif\source\repos\newvs\debug\moc_signuppage.cpp
c:\users\hager elsherif\source\repos\newvs\debug\moc_stat1month.cpp
c:\users\hager elsherif\source\repos\newvs\debug\moc_stat3months.cpp
c:\users\hager elsherif\source\repos\newvs\debug\moc_stat6months.cpp
c:\users\hager elsherif\source\repos\newvs\debug\moc_submanage.cpp
c:\users\hager elsherif\source\repos\newvs\debug\moc_subscription.cpp
c:\users\hager elsherif\source\repos\newvs\debug\moc_ticketpage.cpp
c:\users\hager elsherif\source\repos\newvs\debug\moc_userdata.cpp
c:\users\hager elsherif\source\repos\newvs\debug\moc_verfication.cpp
c:\users\hager elsherif\source\repos\newvs\ui_addsub.h
c:\users\hager elsherif\source\repos\newvs\ui_admin.h
c:\users\hager elsherif\source\repos\newvs\ui_removesub.h
c:\users\hager elsherif\source\repos\newvs\ui_ticket.h
c:\users\hager elsherif\source\repos\newvs\debug\moc_ticket.cpp
c:\users\hager elsherif\source\repos\newvs\debug\moc_removesub.cpp
c:\users\hager elsherif\source\repos\newvs\debug\moc_addsub.cpp
c:\users\hager elsherif\source\repos\newvs\debug\moc_admin.cpp
e:\level 2\ds\project_ds_new\metro-mate-ds\ui_addsub.h
e:\level 2\ds\project_ds_new\metro-mate-ds\ui_admin.h
e:\level 2\ds\project_ds_new\metro-mate-ds\ui_adminhomebage.h
e:\level 2\ds\project_ds_new\metro-mate-ds\ui_adminmanagemetroaddstation.h
e:\level 2\ds\project_ds_new\metro-mate-ds\ui_adminmanagemetrootions.h
e:\level 2\ds\project_ds_new\metro-mate-ds\ui_adminmanagemetroremovestation.h
e:\level 2\ds\project_ds_new\metro-mate-ds\ui_adminstations.h
e:\level 2\ds\project_ds_new\metro-mate-ds\ui_historypage.h
e:\level 2\ds\project_ds_new\metro-mate-ds\ui_loginpage.h
e:\level 2\ds\project_ds_new\metro-mate-ds\ui_mainpage.h
e:\level 2\ds\project_ds_new\metro-mate-ds\ui_removesub.h
e:\level 2\ds\project_ds_new\metro-mate-ds\ui_renewsub.h
e:\level 2\ds\project_ds_new\metro-mate-ds\ui_searchpage.h
e:\level 2\ds\project_ds_new\metro-mate-ds\ui_signuppage.h
e:\level 2\ds\project_ds_new\metro-mate-ds\ui_stat1month.h
e:\level 2\ds\project_ds_new\metro-mate-ds\ui_stat3months.h
e:\level 2\ds\project_ds_new\metro-mate-ds\ui_stat6months.h
e:\level 2\ds\project_ds_new\metro-mate-ds\ui_submanage.h
e:\level 2\ds\project_ds_new\metro-mate-ds\ui_subscription.h
e:\level 2\ds\project_ds_new\metro-mate-ds\ui_ticket.h
e:\level 2\ds\project_ds_new\metro-mate-ds\ui_ticketpage.h
e:\level 2\ds\project_ds_new\metro-mate-ds\ui_userdata.h
e:\level 2\ds\project_ds_new\metro-mate-ds\ui_verfication.h
e:\level 2\ds\project_ds_new\metro-mate-ds\debug\qrc_res.cpp
e:\level 2\ds\project_ds_new\metro-mate-ds\debug\moc_ticket.cpp
e:\level 2\ds\project_ds_new\metro-mate-ds\debug\moc_removesub.cpp
e:\level 2\ds\project_ds_new\metro-mate-ds\debug\moc_addsub.cpp
e:\level 2\ds\project_ds_new\metro-mate-ds\debug\moc_admin.cpp
e:\level 2\ds\project_ds_new\metro-mate-ds\debug\moc_adminmanagemetroaddstation.cpp
e:\level 2\ds\project_ds_new\metro-mate-ds\debug\moc_adminmanagemetrootions.cpp
e:\level 2\ds\project_ds_new\metro-mate-ds\debug\moc_adminmanagemetroremovestation.cpp
e:\level 2\ds\project_ds_new\metro-mate-ds\debug\moc_adminstations.cpp
e:\level 2\ds\project_ds_new\metro-mate-ds\debug\moc_historypage.cpp
e:\level 2\ds\project_ds_new\metro-mate-ds\debug\moc_loginpage.cpp
e:\level 2\ds\project_ds_new\metro-mate-ds\debug\moc_mainpage.cpp
e:\level 2\ds\project_ds_new\metro-mate-ds\debug\moc_renewsub.cpp
e:\level 2\ds\project_ds_new\metro-mate-ds\debug\moc_searchpage.cpp
e:\level 2\ds\project_ds_new\metro-mate-ds\debug\moc_signuppage.cpp
e:\level 2\ds\project_ds_new\metro-mate-ds\debug\moc_stat1month.cpp
e:\level 2\ds\project_ds_new\metro-mate-ds\debug\moc_stat3months.cpp
e:\level 2\ds\project_ds_new\metro-mate-ds\debug\moc_stat6months.cpp
e:\level 2\ds\project_ds_new\metro-mate-ds\debug\moc_submanage.cpp
e:\level 2\ds\project_ds_new\metro-mate-ds\debug\moc_subscription.cpp
e:\level 2\ds\project_ds_new\metro-mate-ds\debug\moc_ticketpage.cpp
e:\level 2\ds\project_ds_new\metro-mate-ds\debug\moc_userdata.cpp
e:\level 2\ds\project_ds_new\metro-mate-ds\debug\moc_verfication.cpp
c:\users\hager elsherif\onedrive\desktop\new folder (3)\metro-mate-ds\ui_addsub.h
c:\users\hager elsherif\onedrive\desktop\new folder (3)\metro-mate-ds\ui_admin.h
c:\users\hager elsherif\onedrive\desktop\new folder (3)\metro-mate-ds\ui_adminhomebage.h
c:\users\hager elsherif\onedrive\desktop\new folder (3)\metro-mate-ds\ui_adminmanagemetroaddstation.h
c:\users\hager elsherif\onedrive\desktop\new folder (3)\metro-mate-ds\ui_adminmanagemetrootions.h
c:\users\hager elsherif\onedrive\desktop\new folder (3)\metro-mate-ds\ui_adminmanagemetroremovestation.h
c:\users\hager elsherif\onedrive\desktop\new folder (3)\metro-mate-ds\ui_adminstations.h
c:\users\hager elsherif\onedrive\desktop\new folder (3)\metro-mate-ds\ui_historypage.h
c:\users\hager elsherif\onedrive\desktop\new folder (3)\metro-mate-ds\ui_loginpage.h
c:\users\hager elsherif\onedrive\desktop\new folder (3)\metro-mate-ds\ui_mainpage.h
c:\users\hager elsherif\onedrive\desktop\new folder (3)\metro-mate-ds\ui_removesub.h
c:\users\hager elsherif\onedrive\desktop\new folder (3)\metro-mate-ds\ui_renewsub.h
c:\users\hager elsherif\onedrive\desktop\new folder (3)\metro-mate-ds\ui_searchpage.h
c:\users\hager elsherif\onedrive\desktop\new folder (3)\metro-mate-ds\ui_signuppage.h
c:\users\hager elsherif\onedrive\desktop\new folder (3)\metro-mate-ds\ui_stat1month.h
c:\users\hager elsherif\onedrive\desktop\new folder (3)\metro-mate-ds\ui_stat3months.h
c:\users\hager elsherif\onedrive\desktop\new folder (3)\metro-mate-ds\ui_stat6months.h
c:\users\hager elsherif\onedrive\desktop\new folder (3)\metro-mate-ds\ui_submanage.h
c:\users\hager elsherif\onedrive\desktop\new folder (3)\metro-mate-ds\ui_subscription.h
c:\users\hager elsherif\onedrive\desktop\new folder (3)\metro-mate-ds\ui_ticket.h
c:\users\hager elsherif\onedrive\desktop\new folder (3)\metro-mate-ds\ui_ticketpage.h
c:\users\hager elsherif\onedrive\desktop\new folder (3)\metro-mate-ds\ui_userdata.h
c:\users\hager elsherif\onedrive\desktop\new folder (3)\metro-mate-ds\ui_verfication.h
c:\users\hager elsherif\onedrive\desktop\new folder (3)\metro-mate-ds\debug\qrc_res.cpp
c:\users\hager elsherif\onedrive\desktop\new folder (3)\metro-mate-ds\debug\moc_ticket.cpp
c:\users\hager elsherif\onedrive\desktop\new folder (3)\metro-mate-ds\debug\moc_removesub.cpp
c:\users\hager elsherif\onedrive\desktop\new folder (3)\metro-mate-ds\debug\moc_addsub.cpp
c:\users\hager elsherif\onedrive\desktop\new folder (3)\metro-mate-ds\debug\moc_admin.cpp
c:\users\hager elsherif\onedrive\desktop\new folder (3)\metro-mate-ds\debug\moc_adminmanagemetroaddstation.cpp
c:\users\hager elsherif\onedrive\desktop\new folder (3)\metro-mate-ds\debug\moc_adminmanagemetrootions.cpp
c:\users\hager elsherif\onedrive\desktop\new folder (3)\metro-mate-ds\debug\moc_adminmanagemetroremovestation.cpp
c:\users\hager elsherif\onedrive\desktop\new folder (3)\metro-mate-ds\debug\moc_adminstations.cpp
c:\users\hager elsherif\onedrive\desktop\new folder (3)\metro-mate-ds\debug\moc_historypage.cpp
c:\users\hager elsherif\onedrive\desktop\new folder (3)\metro-mate-ds\debug\moc_loginpage.cpp
c:\users\hager elsherif\onedrive\desktop\new folder (3)\metro-mate-ds\debug\moc_mainpage.cpp
c:\users\hager elsherif\onedrive\desktop\new folder (3)\metro-mate-ds\debug\moc_renewsub.cpp
c:\users\hager elsherif\onedrive\desktop\new folder (3)\metro-mate-ds\debug\moc_searchpage.cpp
c:\users\hager elsherif\onedrive\desktop\new folder (3)\metro-mate-ds\debug\moc_signuppage.cpp
c:\users\hager elsherif\onedrive\desktop\new folder (3)\metro-mate-ds\debug\moc_stat1month.cpp
c:\users\hager elsherif\onedrive\desktop\new folder (3)\metro-mate-ds\debug\moc_stat3months.cpp
c:\users\hager elsherif\onedrive\desktop\new folder (3)\metro-mate-ds\debug\moc_stat6months.cpp
c:\users\hager elsherif\onedrive\desktop\new folder (3)\metro-mate-ds\debug\moc_submanage.cpp
c:\users\hager elsherif\onedrive\desktop\new folder (3)\metro-mate-ds\debug\moc_subscription.cpp
c:\users\hager elsherif\onedrive\desktop\new folder (3)\metro-mate-ds\debug\moc_ticketpage.cpp
c:\users\hager elsherif\onedrive\desktop\new folder (3)\metro-mate-ds\debug\moc_userdata.cpp
c:\users\hager elsherif\onedrive\desktop\new folder (3)\metro-mate-ds\debug\moc_verfication.cpp
e:\level 2\ds\ds19-4-2024\metro-mate-ds\ui_addsub.h
e:\level 2\ds\ds19-4-2024\metro-mate-ds\ui_admin.h
e:\level 2\ds\ds19-4-2024\metro-mate-ds\ui_adminhomebage.h
e:\level 2\ds\ds19-4-2024\metro-mate-ds\ui_adminmanagemetroaddstation.h
e:\level 2\ds\ds19-4-2024\metro-mate-ds\ui_adminmanagemetrootions.h
e:\level 2\ds\ds19-4-2024\metro-mate-ds\ui_adminmanagemetroremovestation.h
e:\level 2\ds\ds19-4-2024\metro-mate-ds\ui_adminstations.h
e:\level 2\ds\ds19-4-2024\metro-mate-ds\ui_historypage.h
e:\level 2\ds\ds19-4-2024\metro-mate-ds\ui_loginpage.h
e:\level 2\ds\ds19-4-2024\metro-mate-ds\ui_mainpage.h
e:\level 2\ds\ds19-4-2024\metro-mate-ds\ui_removesub.h
e:\level 2\ds\ds19-4-2024\metro-mate-ds\ui_renewsub.h
e:\level 2\ds\ds19-4-2024\metro-mate-ds\ui_searchpage.h
e:\level 2\ds\ds19-4-2024\metro-mate-ds\ui_signuppage.h
e:\level 2\ds\ds19-4-2024\metro-mate-ds\ui_stat1month.h
e:\level 2\ds\ds19-4-2024\metro-mate-ds\ui_stat3months.h
e:\level 2\ds\ds19-4-2024\metro-mate-ds\ui_stat6months.h
e:\level 2\ds\ds19-4-2024\metro-mate-ds\ui_submanage.h
e:\level 2\ds\ds19-4-2024\metro-mate-ds\ui_subscription.h
e:\level 2\ds\ds19-4-2024\metro-mate-ds\ui_ticket.h
e:\level 2\ds\ds19-4-2024\metro-mate-ds\ui_ticketpage.h
e:\level 2\ds\ds19-4-2024\metro-mate-ds\ui_userdata.h
e:\level 2\ds\ds19-4-2024\metro-mate-ds\ui_verfication.h
e:\level 2\ds\ds19-4-2024\metro-mate-ds\debug\qrc_res.cpp
e:\level 2\ds\ds19-4-2024\metro-mate-ds\debug\moc_ticket.cpp
e:\level 2\ds\ds19-4-2024\metro-mate-ds\debug\moc_removesub.cpp
e:\level 2\ds\ds19-4-2024\metro-mate-ds\debug\moc_addsub.cpp
e:\level 2\ds\ds19-4-2024\metro-mate-ds\debug\moc_admin.cpp
e:\level 2\ds\ds19-4-2024\metro-mate-ds\debug\moc_adminmanagemetroaddstation.cpp
e:\level 2\ds\ds19-4-2024\metro-mate-ds\debug\moc_adminmanagemetrootions.cpp
e:\level 2\ds\ds19-4-2024\metro-mate-ds\debug\moc_adminmanagemetroremovestation.cpp
e:\level 2\ds\ds19-4-2024\metro-mate-ds\debug\moc_adminstations.cpp
e:\level 2\ds\ds19-4-2024\metro-mate-ds\debug\moc_historypage.cpp
e:\level 2\ds\ds19-4-2024\metro-mate-ds\debug\moc_loginpage.cpp
e:\level 2\ds\ds19-4-2024\metro-mate-ds\debug\moc_mainpage.cpp
e:\level 2\ds\ds19-4-2024\metro-mate-ds\debug\moc_renewsub.cpp
e:\level 2\ds\ds19-4-2024\metro-mate-ds\debug\moc_searchpage.cpp
e:\level 2\ds\ds19-4-2024\metro-mate-ds\debug\moc_signuppage.cpp
e:\level 2\ds\ds19-4-2024\metro-mate-ds\debug\moc_stat1month.cpp
e:\level 2\ds\ds19-4-2024\metro-mate-ds\debug\moc_stat3months.cpp
e:\level 2\ds\ds19-4-2024\metro-mate-ds\debug\moc_stat6months.cpp
e:\level 2\ds\ds19-4-2024\metro-mate-ds\debug\moc_submanage.cpp
e:\level 2\ds\ds19-4-2024\metro-mate-ds\debug\moc_subscription.cpp
e:\level 2\ds\ds19-4-2024\metro-mate-ds\debug\moc_ticketpage.cpp
e:\level 2\ds\ds19-4-2024\metro-mate-ds\debug\moc_userdata.cpp
e:\level 2\ds\ds19-4-2024\metro-mate-ds\debug\moc_verfication.cpp
c:\users\dell\desktop\metro\ui_addsub.h
c:\users\dell\desktop\metro\ui_admin.h
c:\users\dell\desktop\metro\ui_adminhomebage.h
c:\users\dell\desktop\metro\ui_adminmanagemetroaddstation.h
c:\users\dell\desktop\metro\ui_adminmanagemetrootions.h
c:\users\dell\desktop\metro\ui_adminmanagemetroremovestation.h
c:\users\dell\desktop\metro\ui_adminstations.h
c:\users\dell\desktop\metro\ui_historypage.h
c:\users\dell\desktop\metro\ui_loginpage.h
c:\users\dell\desktop\metro\ui_mainpage.h
c:\users\dell\desktop\metro\ui_removesub.h
c:\users\dell\desktop\metro\ui_renewsub.h
c:\users\dell\desktop\metro\ui_searchpage.h
c:\users\dell\desktop\metro\ui_signuppage.h
c:\users\dell\desktop\metro\ui_stat1month.h
c:\users\dell\desktop\metro\ui_stat3months.h
c:\users\dell\desktop\metro\ui_stat6months.h
c:\users\dell\desktop\metro\ui_submanage.h
c:\users\dell\desktop\metro\ui_subscription.h
c:\users\dell\desktop\metro\ui_ticket.h
c:\users\dell\desktop\metro\ui_ticketpage.h
c:\users\dell\desktop\metro\ui_userdata.h
c:\users\dell\desktop\metro\ui_verfication.h
c:\users\dell\desktop\metro\debug\qrc_res.cpp
c:\users\dell\desktop\metro\debug\moc_ticket.cpp
c:\users\dell\desktop\metro\debug\moc_removesub.cpp
c:\users\dell\desktop\metro\debug\moc_addsub.cpp
c:\users\dell\desktop\metro\debug\moc_admin.cpp
c:\users\dell\desktop\metro\debug\moc_adminmanagemetroaddstation.cpp
c:\users\dell\desktop\metro\debug\moc_adminmanagemetrootions.cpp
c:\users\dell\desktop\metro\debug\moc_adminmanagemetroremovestation.cpp
c:\users\dell\desktop\metro\debug\moc_adminstations.cpp
c:\users\dell\desktop\metro\debug\moc_historypage.cpp
c:\users\dell\desktop\metro\debug\moc_loginpage.cpp
c:\users\dell\desktop\metro\debug\moc_mainpage.cpp
c:\users\dell\desktop\metro\debug\moc_renewsub.cpp
c:\users\dell\desktop\metro\debug\moc_searchpage.cpp
c:\users\dell\desktop\metro\debug\moc_stat1month.cpp
c:\users\dell\desktop\metro\debug\moc_stat3months.cpp
c:\users\dell\desktop\metro\debug\moc_stat6months.cpp
c:\users\dell\desktop\metro\debug\moc_submanage.cpp
c:\users\dell\desktop\metro\debug\moc_subscription.cpp
c:\users\dell\desktop\metro\debug\moc_ticketpage.cpp
c:\users\dell\desktop\metro\debug\moc_userdata.cpp
c:\users\dell\desktop\metro\debug\moc_verfication.cpp
c:\users\dell\desktop\metro\ui_types_sub.h
c:\users\dell\desktop\metro\debug\moc_types_sub.cpp
c:\users\dell\desktop\metro\debug\addsub.obj
c:\users\dell\desktop\metro\debug\admin.obj
c:\users\dell\desktop\metro\debug\moc_addsub.obj
c:\users\dell\desktop\metro\debug\moc_admin.obj
c:\users\dell\desktop\metro\debug\moc_removesub.obj
c:\users\dell\desktop\metro\debug\moc_ticket.obj
c:\users\dell\desktop\metro\debug\removesub.obj
c:\users\dell\desktop\metro\debug\ticket.obj
c:\users\dell\desktop\metro\debug\proj_trial_3.tlog\cl.command.1.tlog
c:\users\dell\desktop\metro\debug\proj_trial_3.tlog\cl.items.tlog
c:\users\dell\desktop\metro\debug\proj_trial_3.tlog\cl.read.1.tlog
c:\users\dell\desktop\metro\debug\proj_trial_3.tlog\cl.write.1.tlog
c:\users\dell\desktop\metro\debug\proj_trial_3.tlog\custombuild.command.1.tlog
c:\users\dell\desktop\metro\debug\proj_trial_3.tlog\custombuild.read.1.tlog
c:\users\dell\desktop\metro\debug\proj_trial_3.tlog\custombuild.write.1.tlog
c:\users\dell\desktop\metro\debug\proj_trial_3.tlog\link.command.1.tlog
c:\users\dell\desktop\metro\debug\proj_trial_3.tlog\link.read.1.tlog
c:\users\dell\desktop\metro\debug\proj_trial_3.tlog\link.secondary.1.tlog
c:\users\dell\desktop\metro\debug\proj_trial_3.tlog\link.write.1.tlog
c:\users\dell\desktop\metro\debug\proj_trial_3.tlog\moc.read.1u.tlog
c:\users\dell\desktop\metro\debug\proj_trial_3.tlog\moc.write.1u.tlog
c:\users\dell\desktop\metro\debug\proj_trial_3.tlog\proj_trial_3.write.1u.tlog
c:\users\dell\desktop\metro\debug\proj_trial_3.tlog\rcc.read.1u.tlog
c:\users\dell\desktop\metro\debug\proj_trial_3.tlog\rcc.write.1u.tlog
c:\users\dell\desktop\metro\debug\proj_trial_3.tlog\uic.read.1u.tlog
c:\users\dell\desktop\metro\debug\proj_trial_3.tlog\uic.write.1u.tlog
